{"numTotalTestSuites":18,"numPassedTestSuites":18,"numFailedTestSuites":0,"numPendingTestSuites":0,"numTotalTests":48,"numPassedTests":48,"numFailedTests":0,"numPendingTests":0,"numTodoTests":0,"snapshot":{"added":0,"failure":false,"filesAdded":0,"filesRemoved":0,"filesRemovedList":[],"filesUnmatched":0,"filesUpdated":0,"matched":0,"total":0,"unchecked":0,"uncheckedKeysByFile":[],"unmatched":0,"updated":0,"didUpdate":false},"startTime":1785694664527,"success":true,"testResults":[{"assertionResults":[{"ancestorTitles":[],"fullName":"attestation bundle is bound to the exact npm tarball","status":"passed","title":"attestation bundle is bound to the exact npm tarball","duration":16.494899999999916,"failureMessages":[],"meta":{}}],"startTime":1785694679753,"endTime":1785694679769.4949,"status":"passed","message":"","name":"C:/Users/angel/Desktop/g_lugel/runa/libs/typescript/test/attestation-bundle.test.mjs"},{"assertionResults":[{"ancestorTitles":[],"fullName":"candidate selection rejects every untrusted CI run mutation","status":"passed","title":"candidate selection rejects every untrusted CI run mutation","duration":14.498499999999979,"failureMessages":[],"meta":{}}],"startTime":1785694677875,"endTime":1785694677889.4985,"status":"passed","message":"","name":"C:/Users/angel/Desktop/g_lugel/runa/libs/typescript/test/ci-run-policy.test.mjs"},{"assertionResults":[{"ancestorTitles":[],"fullName":"contract provenance is reachable but fails closed on identity mutations","status":"passed","title":"contract provenance is reachable but fails closed on identity mutations","duration":4.446399999999926,"failureMessages":[],"meta":{}}],"startTime":1785694681171,"endTime":1785694681175.4463,"status":"passed","message":"","name":"C:/Users/angel/Desktop/g_lugel/runa/libs/typescript/test/contract-provenance.test.mjs"},{"assertionResults":[{"ancestorTitles":[],"fullName":"TC-023-01 resolves terminal precedence and strict files","status":"passed","title":"TC-023-01 resolves terminal precedence and strict files","duration":10.948600000000056,"failureMessages":[],"meta":{}},{"ancestorTitles":[],"fullName":"PRD-023 rejects non-object runtime configuration safely","status":"passed","title":"PRD-023 rejects non-object runtime configuration safely","duration":1.2167000000000598,"failureMessages":[],"meta":{}},{"ancestorTitles":[],"fullName":"TC-001-11 rejects prohibited hosts including trailing dot","status":"passed","title":"TC-001-11 rejects prohibited hosts including trailing dot","duration":1.5871999999999389,"failureMessages":[],"meta":{}},{"ancestorTitles":[],"fullName":"TC-023-05 accepts only the canonical Runa API origin","status":"passed","title":"TC-023-05 accepts only the canonical Runa API origin","duration":1.362700000000018,"failureMessages":[],"meta":{}},{"ancestorTitles":[],"fullName":"TC-024-01 exposes the closed error surface","status":"passed","title":"TC-024-01 exposes the closed error surface","duration":3.189300000000003,"failureMessages":[],"meta":{}},{"ancestorTitles":[],"fullName":"TC-022-02 enforces the canonical schema and preserves only detail identity","status":"passed","title":"TC-022-02 enforces the canonical schema and preserves only detail identity","duration":3.518299999999954,"failureMessages":[],"meta":{}}],"startTime":1785694676168,"endTime":1785694676190.5183,"status":"passed","message":"","name":"C:/Users/angel/Desktop/g_lugel/runa/libs/typescript/test/core.test.mjs"},{"assertionResults":[{"ancestorTitles":[],"fullName":"quality rejects every mandatory NOT_RUN acceptance path","status":"passed","title":"quality rejects every mandatory NOT_RUN acceptance path","duration":9.29910000000001,"failureMessages":[],"meta":{}},{"ancestorTitles":[],"fullName":"readiness rejects fabricated smoke counters and missing guards","status":"passed","title":"readiness rejects fabricated smoke counters and missing guards","duration":5.79970000000003,"failureMessages":[],"meta":{}}],"startTime":1785694677327,"endTime":1785694677341.7998,"status":"passed","message":"","name":"C:/Users/angel/Desktop/g_lugel/runa/libs/typescript/test/evidence-policy.test.mjs"},{"assertionResults":[{"ancestorTitles":[],"fullName":"PRD-041 denies every unmocked public network mechanism","status":"passed","title":"PRD-041 denies every unmocked public network mechanism","duration":5.804899999999975,"failureMessages":[],"meta":{}}],"startTime":1785694682496,"endTime":1785694682501.805,"status":"passed","message":"","name":"C:/Users/angel/Desktop/g_lugel/runa/libs/typescript/test/harness.test.mjs"},{"assertionResults":[{"ancestorTitles":[],"fullName":"release mapping, postpublish state, and recovery policy fail closed","status":"passed","title":"release mapping, postpublish state, and recovery policy fail closed","duration":20.219900000000052,"failureMessages":[],"meta":{}}],"startTime":1785694676791,"endTime":1785694676811.22,"status":"passed","message":"","name":"C:/Users/angel/Desktop/g_lugel/runa/libs/typescript/test/postpublish-policy.test.mjs"},{"assertionResults":[{"ancestorTitles":[],"fullName":"PRD-048 reference pipeline covers the exact surface and rejects mutations","status":"passed","title":"PRD-048 reference pipeline covers the exact surface and rejects mutations","duration":5105.0474,"failureMessages":[],"meta":{}}],"startTime":1785694665484,"endTime":1785694670589.0474,"status":"passed","message":"","name":"C:/Users/angel/Desktop/g_lugel/runa/libs/typescript/test/reference-docs.test.mjs"},{"assertionResults":[{"ancestorTitles":[],"fullName":"registry preflight allows only an authoritative 404","status":"passed","title":"registry preflight allows only an authoritative 404","duration":6.196100000000001,"failureMessages":[],"meta":{}}],"startTime":1785694681728,"endTime":1785694681734.196,"status":"passed","message":"","name":"C:/Users/angel/Desktop/g_lugel/runa/libs/typescript/test/registry-version-policy.test.mjs"},{"assertionResults":[{"ancestorTitles":[],"fullName":"trusted signatures cannot substitute for closed release-role semantics","status":"passed","title":"trusted signatures cannot substitute for closed release-role semantics","duration":19.580900000000042,"failureMessages":[],"meta":{}},{"ancestorTitles":[],"fullName":"trusted SBOM authority is bound to exact local bytes and closure","status":"passed","title":"trusted SBOM authority is bound to exact local bytes and closure","duration":2.5435999999999694,"failureMessages":[],"meta":{}}],"startTime":1785694674885,"endTime":1785694674907.5437,"status":"passed","message":"","name":"C:/Users/angel/Desktop/g_lugel/runa/libs/typescript/test/release-authority-schema.test.mjs"},{"assertionResults":[{"ancestorTitles":[],"fullName":"release manifest core uses deterministic canonical JSON","status":"passed","title":"release manifest core uses deterministic canonical JSON","duration":14.911900000000003,"failureMessages":[],"meta":{}},{"ancestorTitles":[],"fullName":"version-controlled release policy matches the exact accepted policy","status":"passed","title":"version-controlled release policy matches the exact accepted policy","duration":5.5715000000000146,"failureMessages":[],"meta":{}}],"startTime":1785694675472,"endTime":1785694675492.5715,"status":"passed","message":"","name":"C:/Users/angel/Desktop/g_lugel/runa/libs/typescript/test/release-manifest-core.test.mjs"},{"assertionResults":[{"ancestorTitles":[],"fullName":"PRD-019/054 five synthetic journeys pass 30 times with cleanup","status":"passed","title":"PRD-019/054 five synthetic journeys pass 30 times with cleanup","duration":250.73059999999998,"failureMessages":[],"meta":{}}],"startTime":1785694671594,"endTime":1785694671844.7307,"status":"passed","message":"","name":"C:/Users/angel/Desktop/g_lugel/runa/libs/typescript/test/release-smoke.test.mjs"},{"assertionResults":[{"ancestorTitles":[],"fullName":"PRD-053 release tag admission rejects every identity mutation","status":"passed","title":"PRD-053 release tag admission rejects every identity mutation","duration":15.486800000000017,"failureMessages":[],"meta":{}}],"startTime":1785694679117,"endTime":1785694679132.4868,"status":"passed","message":"","name":"C:/Users/angel/Desktop/g_lugel/runa/libs/typescript/test/release-tag-policy.test.mjs"},{"assertionResults":[{"ancestorTitles":[],"fullName":"release workflow is one protected dispatch with pinned signing and at-most-once gates","status":"passed","title":"release workflow is one protected dispatch with pinned signing and at-most-once gates","duration":5.979499999999973,"failureMessages":[],"meta":{}}],"startTime":1785694678518,"endTime":1785694678523.9795,"status":"passed","message":"","name":"C:/Users/angel/Desktop/g_lugel/runa/libs/typescript/test/release-workflow-policy.test.mjs"},{"assertionResults":[{"ancestorTitles":[],"fullName":"TC-026-01 retries only pre-response reads with unbiased mapping","status":"passed","title":"TC-026-01 retries only pre-response reads with unbiased mapping","duration":26.039099999999962,"failureMessages":[],"meta":{}},{"ancestorTitles":[],"fullName":"TC-026-02 never retries a response or write","status":"passed","title":"TC-026-02 never retries a response or write","duration":2.5791000000000395,"failureMessages":[],"meta":{}},{"ancestorTitles":[],"fullName":"TC-008-07 pre-cancellation performs zero dispatch","status":"passed","title":"TC-008-07 pre-cancellation performs zero dispatch","duration":1.776299999999992,"failureMessages":[],"meta":{}},{"ancestorTitles":[],"fullName":"TC-008-06 in-flight caller cancellation wins","status":"passed","title":"TC-008-06 in-flight caller cancellation wins","duration":2.4166000000000167,"failureMessages":[],"meta":{}},{"ancestorTitles":[],"fullName":"TC-039-04 emits exact safe retry order and isolates failing hooks","status":"passed","title":"TC-039-04 emits exact safe retry order and isolates failing hooks","duration":3.370999999999981,"failureMessages":[],"meta":{}},{"ancestorTitles":[],"fullName":"PRD-008 deadline remains authoritative while streaming a response","status":"passed","title":"PRD-008 deadline remains authoritative while streaming a response","duration":2.6605999999999312,"failureMessages":[],"meta":{}},{"ancestorTitles":[],"fullName":"PRD-008 timeout cancels a response body that hangs after headers","status":"passed","title":"PRD-008 timeout cancels a response body that hangs after headers","duration":1.9043000000000347,"failureMessages":[],"meta":{}},{"ancestorTitles":[],"fullName":"PRD-008 caller abort cancels a hung post-headers body without late decode","status":"passed","title":"PRD-008 caller abort cancels a hung post-headers body without late decode","duration":1.895399999999995,"failureMessages":[],"meta":{}}],"startTime":1785694674298,"endTime":1785694674340.8955,"status":"passed","message":"","name":"C:/Users/angel/Desktop/g_lugel/runa/libs/typescript/test/resilience.test.mjs"},{"assertionResults":[{"ancestorTitles":[],"fullName":"TC-027-02 managers are lazy, stable and client-owned","status":"passed","title":"TC-027-02 managers are lazy, stable and client-owned","duration":6.341399999999908,"failureMessages":[],"meta":{}},{"ancestorTitles":[],"fullName":"PRD-029/031/032 preserve collection order and snapshot identity rules","status":"passed","title":"PRD-029/031/032 preserve collection order and snapshot identity rules","duration":31.889400000000023,"failureMessages":[],"meta":{}},{"ancestorTitles":[],"fullName":"TC-031-04 preserves snapshot on refresh failure","status":"passed","title":"TC-031-04 preserves snapshot on refresh failure","duration":5.186699999999973,"failureMessages":[],"meta":{}},{"ancestorTitles":[],"fullName":"TC-033-05 keeps exec/checkpoint/open cache-neutral","status":"passed","title":"TC-033-05 keeps exec/checkpoint/open cache-neutral","duration":8.472700000000032,"failureMessages":[],"meta":{}},{"ancestorTitles":[],"fullName":"TC-035-04 rejects hostile open capability without retaining it","status":"passed","title":"TC-035-04 rejects hostile open capability without retaining it","duration":4.193000000000097,"failureMessages":[],"meta":{}},{"ancestorTitles":[],"fullName":"TC-036-06 returns plain fresh values and both workspace variants","status":"passed","title":"TC-036-06 returns plain fresh values and both workspace variants","duration":6.948800000000006,"failureMessages":[],"meta":{}},{"ancestorTitles":[],"fullName":"TC-013-08 fails closed on protected wire content without truncation","status":"passed","title":"TC-013-08 fails closed on protected wire content without truncation","duration":4.9278000000000475,"failureMessages":[],"meta":{}},{"ancestorTitles":[],"fullName":"TC-027-10 close waits for admitted work and blocks later work","status":"passed","title":"TC-027-10 close waits for admitted work and blocks later work","duration":3.481999999999971,"failureMessages":[],"meta":{}}],"startTime":1785694673604,"endTime":1785694673675.482,"status":"passed","message":"","name":"C:/Users/angel/Desktop/g_lugel/runa/libs/typescript/test/resources.test.mjs"},{"assertionResults":[{"ancestorTitles":[],"fullName":"TC-008-01 dispatches exactly 13 canonical operations","status":"passed","title":"TC-008-01 dispatches exactly 13 canonical operations","duration":58.79079999999999,"failureMessages":[],"meta":{}},{"ancestorTitles":[],"fullName":"TC-024-03 maps exact status, media, redirect and errors","status":"passed","title":"TC-024-03 maps exact status, media, redirect and errors","duration":6.4529999999999745,"failureMessages":[],"meta":{}},{"ancestorTitles":[],"fullName":"TC-025-02 selects the exact global fetch when no callable is injected","status":"passed","title":"TC-025-02 selects the exact global fetch when no callable is injected","duration":2.87379999999996,"failureMessages":[],"meta":{}},{"ancestorTitles":[],"fullName":"TC-040-02 cancels every rejected response body without awaiting it","status":"passed","title":"TC-040-02 cancels every rejected response body without awaiting it","duration":5.107999999999947,"failureMessages":[],"meta":{}},{"ancestorTitles":[],"fullName":"TC-040-04 enforces the response cap and invalid UTF-8","status":"passed","title":"TC-040-04 enforces the response cap and invalid UTF-8","duration":15.060899999999947,"failureMessages":[],"meta":{}},{"ancestorTitles":[],"fullName":"PRD-025/026 overflow remains terminal when stream cancellation never settles","status":"passed","title":"PRD-025/026 overflow remains terminal when stream cancellation never settles","duration":4.15809999999999,"failureMessages":[],"meta":{}},{"ancestorTitles":[],"fullName":"TC-025-07 rejects local invalid values before I/O","status":"passed","title":"TC-025-07 rejects local invalid values before I/O","duration":4.052500000000009,"failureMessages":[],"meta":{}},{"ancestorTitles":[],"fullName":"TC-028-03 snapshots caller-owned create arrays before dispatch","status":"passed","title":"TC-028-03 snapshots caller-owned create arrays before dispatch","duration":3.866300000000024,"failureMessages":[],"meta":{}}],"startTime":1785694672779,"endTime":1785694672879.8662,"status":"passed","message":"","name":"C:/Users/angel/Desktop/g_lugel/runa/libs/typescript/test/transport.test.mjs"},{"assertionResults":[{"ancestorTitles":[],"fullName":"release trust accepts valid evidence and rejects tamper, stale, and wrong role","status":"passed","title":"release trust accepts valid evidence and rejects tamper, stale, and wrong role","duration":11.789600000000064,"failureMessages":[],"meta":{}},{"ancestorTitles":[],"fullName":"an authority bundle cannot bootstrap trust with its own alien key","status":"passed","title":"an authority bundle cannot bootstrap trust with its own alien key","duration":3.155200000000036,"failureMessages":[],"meta":{}}],"startTime":1785694680460,"endTime":1785694680475.1553,"status":"passed","message":"","name":"C:/Users/angel/Desktop/g_lugel/runa/libs/typescript/test/trust-evidence.test.mjs"}]}